<?xml version="1.0" encoding="UTF-8"?>
<!-- Generated by org.testng.reporters.JUnitXMLReporter -->
<testsuite ignored="2" hostname="Lenovo" failures="2" tests="4" name="Test(failed)(failed)" time="0.199" errors="0" timestamp="2022-08-09T17:18:52 IST">
  <testcase classname="TestNGListner.TestNGListnerDemo" name="myMethod2" time="0.014">
    <failure type="java.lang.AssertionError" message="null">
      <![CDATA[java.lang.AssertionError: null
at TestNGListner.TestNGListnerDemo.myMethod2(TestNGListnerDemo.java:23)
at java.base/java.util.ArrayList.forEach(ArrayList.java:1541)
... Removed 29 stack frames]]>
    </failure>
  </testcase> <!-- myMethod2 -->
  <testcase classname="TestNGListner.TestNGListnerDemo" name="myMethod3" time="0.0">
    <skipped/>
  </testcase> <!-- myMethod3 -->
  <testcase classname="TestNGListner.TestNGListnerDemo2" name="myMethod5" time="0.007">
    <failure type="java.lang.AssertionError" message="null">
      <![CDATA[java.lang.AssertionError: null
at TestNGListner.TestNGListnerDemo2.myMethod5(TestNGListnerDemo2.java:23)
at java.base/java.util.ArrayList.forEach(ArrayList.java:1541)
... Removed 29 stack frames]]>
    </failure>
  </testcase> <!-- myMethod5 -->
  <testcase classname="TestNGListner.TestNGListnerDemo2" name="myMethod6" time="0.005">
    <skipped/>
  </testcase> <!-- myMethod6 -->
  <testcase classname="TestNGListner.TestNGListnerDemo2" name="myMethod4" time="0.0">
    <ignored/>
  </testcase> <!-- myMethod4 -->
  <testcase classname="TestNGListner.TestNGListnerDemo" name="myMethod1" time="0.0">
    <ignored/>
  </testcase> <!-- myMethod1 -->
</testsuite> <!-- Test(failed)(failed) -->
