<?xml version="1.0" encoding="UTF-8"?>
<!-- Generated by org.testng.reporters.JUnitXMLReporter -->
<testsuite ignored="0" hostname="Lenovo" failures="2" tests="6" name="Test" time="0.229" errors="0" timestamp="2022-08-08T14:02:19 IST">
  <testcase classname="TestNGListner.TestNGListnerDemo" name="myMethod1" time="0.013"/>
  <testcase classname="TestNGListner.TestNGListnerDemo" name="myMethod2" time="0.004">
    <failure type="java.lang.AssertionError" message="null">
      <![CDATA[java.lang.AssertionError: null
at TestNGListner.TestNGListnerDemo.myMethod2(TestNGListnerDemo.java:23)
at java.base/java.util.ArrayList.forEach(ArrayList.java:1541)
... Removed 29 stack frames]]>
    </failure>
  </testcase> <!-- myMethod2 -->
  <testcase classname="TestNGListner.TestNGListnerDemo" name="myMethod3" time="0.0">
    <skipped/>
  </testcase> <!-- myMethod3 -->
  <testcase classname="TestNGListner.TestNGListnerDemo2" name="myMethod4" time="0.002"/>
  <testcase classname="TestNGListner.TestNGListnerDemo2" name="myMethod5" time="0.002">
    <failure type="java.lang.AssertionError" message="null">
      <![CDATA[java.lang.AssertionError: null
at TestNGListner.TestNGListnerDemo2.myMethod5(TestNGListnerDemo2.java:23)
at java.base/java.util.ArrayList.forEach(ArrayList.java:1541)
... Removed 29 stack frames]]>
    </failure>
  </testcase> <!-- myMethod5 -->
  <testcase classname="TestNGListner.TestNGListnerDemo2" name="myMethod6" time="0.0">
    <skipped/>
  </testcase> <!-- myMethod6 -->
</testsuite> <!-- Test -->
